[17:12:42] [main/INFO]: Environment: authHost='https://authserver.mojang.com', accountsHost='https://api.mojang.com', sessionHost='https://sessionserver.mojang.com', servicesHost='https://api.minecraftservices.com', name='PROD'
[17:12:43] [main/INFO]: Reloading ResourceManager: Default, bukkit
[17:12:44] [Worker-Main-4/INFO]: Loaded 7 recipes
[17:12:47] [Server thread/INFO]: Starting minecraft server version 1.16.5
[17:12:47] [Server thread/INFO]: Loading properties
[17:12:48] [Server thread/INFO]: This server is running CraftBukkit version 3092-Spigot-9fb885e-ebe18b9 (MC: 1.16.5) (Implementing API version 1.16.5-R0.1-SNAPSHOT)
[17:12:48] [Server thread/INFO]: Debug logging is disabled
[17:12:48] [Server thread/INFO]: Server Ping Player Sample Count: 12
[17:12:48] [Server thread/INFO]: Using 4 threads for Netty based IO
[17:12:48] [Server thread/INFO]: Default game type: SURVIVAL
[17:12:48] [Server thread/INFO]: Generating keypair
[17:12:48] [Server thread/INFO]: Starting Minecraft server on *:25565
[17:12:48] [Server thread/INFO]: Using epoll channel type
[17:12:49] [Server thread/INFO]: Preparing level "world"
[17:12:49] [Server thread/INFO]: -------- World Settings For [world] --------
[17:12:49] [Server thread/INFO]: Experience Merge Radius: 3.0
[17:12:49] [Server thread/INFO]: Mob Spawn Range: 6
[17:12:49] [Server thread/INFO]: Cactus Growth Modifier: 100%
[17:12:49] [Server thread/INFO]: Cane Growth Modifier: 100%
[17:12:49] [Server thread/INFO]: Melon Growth Modifier: 100%
[17:12:49] [Server thread/INFO]: Mushroom Growth Modifier: 100%
[17:12:49] [Server thread/INFO]: Pumpkin Growth Modifier: 100%
[17:12:49] [Server thread/INFO]: Sapling Growth Modifier: 100%
[17:12:49] [Server thread/INFO]: Beetroot Growth Modifier: 100%
[17:12:49] [Server thread/INFO]: Carrot Growth Modifier: 100%
[17:12:49] [Server thread/INFO]: Potato Growth Modifier: 100%
[17:12:49] [Server thread/INFO]: Wheat Growth Modifier: 100%
[17:12:49] [Server thread/INFO]: NetherWart Growth Modifier: 100%
[17:12:49] [Server thread/INFO]: Vine Growth Modifier: 100%
[17:12:49] [Server thread/INFO]: Cocoa Growth Modifier: 100%
[17:12:49] [Server thread/INFO]: Bamboo Growth Modifier: 100%
[17:12:49] [Server thread/INFO]: SweetBerry Growth Modifier: 100%
[17:12:49] [Server thread/INFO]: Kelp Growth Modifier: 100%
[17:12:49] [Server thread/INFO]: Entity Activation Range: An 32 / Mo 32 / Ra 48 / Mi 16 / Tiv true
[17:12:49] [Server thread/INFO]: Hopper Transfer: 8 Hopper Check: 1 Hopper Amount: 1
[17:12:49] [Server thread/INFO]: Custom Map Seeds:  Village: 10387312 Desert: 14357617 Igloo: 14357618 Jungle: 14357619 Swamp: 14357620 Monument: 10387313 Ocean: 14357621 Shipwreck: 165745295 End City: 10387313 Slime: 987234911 Bastion: 30084232 Fortress: 30084232 Mansion: 10387319 Fossil: 14357921 Portal: 34222645
[17:12:49] [Server thread/INFO]: Max TNT Explosions: 100
[17:12:49] [Server thread/INFO]: Tile Max Tick Time: 50ms Entity max Tick Time: 50ms
[17:12:49] [Server thread/INFO]: Entity Tracking Range: Pl 48 / An 48 / Mo 48 / Mi 32 / Other 64
[17:12:49] [Server thread/INFO]: Allow Zombie Pigmen to spawn from portal blocks: true
[17:12:49] [Server thread/INFO]: Item Despawn Rate: 6000
[17:12:49] [Server thread/INFO]: Item Merge Radius: 2.5
[17:12:49] [Server thread/INFO]: View Distance: 10
[17:12:49] [Server thread/INFO]: Arrow Despawn Rate: 1200 Trident Respawn Rate:1200
[17:12:49] [Server thread/INFO]: Zombie Aggressive Towards Villager: true
[17:12:49] [Server thread/INFO]: Nerfing mobs spawned from spawners: false
[17:12:49] [Server thread/INFO]: -------- World Settings For [world_nether] --------
[17:12:49] [Server thread/INFO]: Experience Merge Radius: 3.0
[17:12:49] [Server thread/INFO]: Mob Spawn Range: 6
[17:12:49] [Server thread/INFO]: Cactus Growth Modifier: 100%
[17:12:49] [Server thread/INFO]: Cane Growth Modifier: 100%
[17:12:49] [Server thread/INFO]: Melon Growth Modifier: 100%
[17:12:49] [Server thread/INFO]: Mushroom Growth Modifier: 100%
[17:12:49] [Server thread/INFO]: Pumpkin Growth Modifier: 100%
[17:12:49] [Server thread/INFO]: Sapling Growth Modifier: 100%
[17:12:49] [Server thread/INFO]: Beetroot Growth Modifier: 100%
[17:12:49] [Server thread/INFO]: Carrot Growth Modifier: 100%
[17:12:49] [Server thread/INFO]: Potato Growth Modifier: 100%
[17:12:49] [Server thread/INFO]: Wheat Growth Modifier: 100%
[17:12:49] [Server thread/INFO]: NetherWart Growth Modifier: 100%
[17:12:49] [Server thread/INFO]: Vine Growth Modifier: 100%
[17:12:49] [Server thread/INFO]: Cocoa Growth Modifier: 100%
[17:12:49] [Server thread/INFO]: Bamboo Growth Modifier: 100%
[17:12:49] [Server thread/INFO]: SweetBerry Growth Modifier: 100%
[17:12:49] [Server thread/INFO]: Kelp Growth Modifier: 100%
[17:12:49] [Server thread/INFO]: Entity Activation Range: An 32 / Mo 32 / Ra 48 / Mi 16 / Tiv true
[17:12:49] [Server thread/INFO]: Hopper Transfer: 8 Hopper Check: 1 Hopper Amount: 1
[17:12:49] [Server thread/INFO]: Custom Map Seeds:  Village: 10387312 Desert: 14357617 Igloo: 14357618 Jungle: 14357619 Swamp: 14357620 Monument: 10387313 Ocean: 14357621 Shipwreck: 165745295 End City: 10387313 Slime: 987234911 Bastion: 30084232 Fortress: 30084232 Mansion: 10387319 Fossil: 14357921 Portal: 34222645
[17:12:49] [Server thread/INFO]: Max TNT Explosions: 100
[17:12:49] [Server thread/INFO]: Tile Max Tick Time: 50ms Entity max Tick Time: 50ms
[17:12:49] [Server thread/INFO]: Entity Tracking Range: Pl 48 / An 48 / Mo 48 / Mi 32 / Other 64
[17:12:49] [Server thread/INFO]: Allow Zombie Pigmen to spawn from portal blocks: true
[17:12:49] [Server thread/INFO]: Item Despawn Rate: 6000
[17:12:49] [Server thread/INFO]: Item Merge Radius: 2.5
[17:12:49] [Server thread/INFO]: View Distance: 10
[17:12:49] [Server thread/INFO]: Arrow Despawn Rate: 1200 Trident Respawn Rate:1200
[17:12:49] [Server thread/INFO]: Zombie Aggressive Towards Villager: true
[17:12:49] [Server thread/INFO]: Nerfing mobs spawned from spawners: false
[17:12:49] [Server thread/INFO]: -------- World Settings For [world_the_end] --------
[17:12:49] [Server thread/INFO]: Experience Merge Radius: 3.0
[17:12:49] [Server thread/INFO]: Mob Spawn Range: 6
[17:12:49] [Server thread/INFO]: Cactus Growth Modifier: 100%
[17:12:49] [Server thread/INFO]: Cane Growth Modifier: 100%
[17:12:49] [Server thread/INFO]: Melon Growth Modifier: 100%
[17:12:49] [Server thread/INFO]: Mushroom Growth Modifier: 100%
[17:12:49] [Server thread/INFO]: Pumpkin Growth Modifier: 100%
[17:12:49] [Server thread/INFO]: Sapling Growth Modifier: 100%
[17:12:49] [Server thread/INFO]: Beetroot Growth Modifier: 100%
[17:12:49] [Server thread/INFO]: Carrot Growth Modifier: 100%
[17:12:49] [Server thread/INFO]: Potato Growth Modifier: 100%
[17:12:49] [Server thread/INFO]: Wheat Growth Modifier: 100%
[17:12:49] [Server thread/INFO]: NetherWart Growth Modifier: 100%
[17:12:49] [Server thread/INFO]: Vine Growth Modifier: 100%
[17:12:49] [Server thread/INFO]: Cocoa Growth Modifier: 100%
[17:12:49] [Server thread/INFO]: Bamboo Growth Modifier: 100%
[17:12:49] [Server thread/INFO]: SweetBerry Growth Modifier: 100%
[17:12:49] [Server thread/INFO]: Kelp Growth Modifier: 100%
[17:12:49] [Server thread/INFO]: Entity Activation Range: An 32 / Mo 32 / Ra 48 / Mi 16 / Tiv true
[17:12:49] [Server thread/INFO]: Hopper Transfer: 8 Hopper Check: 1 Hopper Amount: 1
[17:12:49] [Server thread/INFO]: Custom Map Seeds:  Village: 10387312 Desert: 14357617 Igloo: 14357618 Jungle: 14357619 Swamp: 14357620 Monument: 10387313 Ocean: 14357621 Shipwreck: 165745295 End City: 10387313 Slime: 987234911 Bastion: 30084232 Fortress: 30084232 Mansion: 10387319 Fossil: 14357921 Portal: 34222645
[17:12:49] [Server thread/INFO]: Max TNT Explosions: 100
[17:12:49] [Server thread/INFO]: Tile Max Tick Time: 50ms Entity max Tick Time: 50ms
[17:12:49] [Server thread/INFO]: Entity Tracking Range: Pl 48 / An 48 / Mo 48 / Mi 32 / Other 64
[17:12:49] [Server thread/INFO]: Allow Zombie Pigmen to spawn from portal blocks: true
[17:12:49] [Server thread/INFO]: Item Despawn Rate: 6000
[17:12:49] [Server thread/INFO]: Item Merge Radius: 2.5
[17:12:49] [Server thread/INFO]: View Distance: 10
[17:12:49] [Server thread/INFO]: Arrow Despawn Rate: 1200 Trident Respawn Rate:1200
[17:12:49] [Server thread/INFO]: Zombie Aggressive Towards Villager: true
[17:12:49] [Server thread/INFO]: Nerfing mobs spawned from spawners: false
[17:12:49] [Server thread/INFO]: Preparing start region for dimension minecraft:overworld
[17:12:51] [Server thread/INFO]: Preparing spawn area: 0%
[17:12:51] [Server thread/INFO]: Preparing spawn area: 0%
[17:12:51] [Server thread/INFO]: Preparing spawn area: 0%
[17:12:51] [Server thread/INFO]: Preparing spawn area: 0%
[17:12:51] [Server thread/INFO]: Preparing spawn area: 0%
[17:12:52] [Server thread/INFO]: Preparing spawn area: 0%
[17:12:52] [Server thread/INFO]: Preparing spawn area: 30%
[17:12:53] [Server thread/INFO]: Preparing spawn area: 54%
[17:12:53] [Server thread/INFO]: Time elapsed: 4098 ms
[17:12:53] [Server thread/INFO]: Preparing start region for dimension minecraft:the_nether
[17:12:55] [Server thread/INFO]: Preparing spawn area: 0%
[17:12:55] [Server thread/INFO]: Preparing spawn area: 0%
[17:12:55] [Server thread/INFO]: Preparing spawn area: 0%
[17:12:55] [Server thread/INFO]: Preparing spawn area: 0%
[17:12:55] [Server thread/INFO]: Preparing spawn area: 0%
[17:12:56] [Worker-Main-6/INFO]: Preparing spawn area: 83%
[17:12:56] [Worker-Main-4/INFO]: Preparing spawn area: 83%
[17:12:57] [Worker-Main-4/INFO]: Preparing spawn area: 94%
[17:12:57] [Worker-Main-5/INFO]: Preparing spawn area: 94%
[17:12:58] [Worker-Main-6/INFO]: Preparing spawn area: 94%
[17:12:58] [Worker-Main-6/INFO]: Preparing spawn area: 94%
[17:12:59] [Worker-Main-5/INFO]: Preparing spawn area: 97%
[17:12:59] [Server thread/INFO]: Time elapsed: 5929 ms
[17:12:59] [Server thread/INFO]: Preparing start region for dimension minecraft:the_end
[17:13:00] [Server thread/INFO]: Preparing spawn area: 0%
[17:13:00] [Server thread/INFO]: Preparing spawn area: 0%
[17:13:00] [Worker-Main-6/INFO]: Preparing spawn area: 83%
[17:13:01] [Worker-Main-5/INFO]: Preparing spawn area: 83%
[17:13:01] [Worker-Main-4/INFO]: Preparing spawn area: 98%
[17:13:01] [Server thread/INFO]: Time elapsed: 2026 ms
[17:13:01] [Server thread/INFO]: Server permissions file permissions.yml is empty, ignoring it
[17:13:01] [Server thread/INFO]: Done (12.612s)! For help, type "help"
[17:51:52] [Server thread/INFO]: Stopping the server
[17:51:52] [Server thread/INFO]: Stopping server
[17:51:52] [Server thread/INFO]: Saving players
[17:51:52] [Server thread/INFO]: Saving worlds
[17:51:52] [Server thread/INFO]: Saving chunks for level 'ServerLevel[world]'/minecraft:overworld
[17:51:52] [Server thread/INFO]: ThreadedAnvilChunkStorage (world): All chunks are saved
[17:51:52] [Server thread/INFO]: Saving chunks for level 'ServerLevel[world_nether]'/minecraft:the_nether
[17:51:53] [Server thread/INFO]: ThreadedAnvilChunkStorage (DIM-1): All chunks are saved
[17:51:53] [Server thread/INFO]: Saving chunks for level 'ServerLevel[world_the_end]'/minecraft:the_end
[17:51:53] [Server thread/INFO]: ThreadedAnvilChunkStorage (DIM1): All chunks are saved
[17:51:53] [Server thread/INFO]: ThreadedAnvilChunkStorage (world): All chunks are saved
[17:51:53] [Server thread/INFO]: ThreadedAnvilChunkStorage (DIM-1): All chunks are saved
[17:51:53] [Server thread/INFO]: ThreadedAnvilChunkStorage (DIM1): All chunks are saved
